<?xml version="1.0" encoding="UTF-8"?>
<testng-results skipped="0" failed="0" ignored="0" total="2" passed="2">
  <reporter-output>
  </reporter-output>
  <suite name="nopcommerceSuite" duration-ms="36926" started-at="2019-04-22T01:32:53Z" finished-at="2019-04-22T01:33:30Z">
    <groups>
    </groups>
    <test name="chrometest" duration-ms="36926" started-at="2019-04-22T01:32:53Z" finished-at="2019-04-22T01:33:30Z">
      <class name="testCases.TC_AddCustomerTest_003">
        <test-method status="PASS" signature="setup(java.lang.String)[pri:0, instance:testCases.TC_AddCustomerTest_003@7d9d1a19]" name="setup" is-config="true" duration-ms="2623" started-at="2019-04-22T01:33:05Z" finished-at="2019-04-22T01:33:08Z">
          <params>
            <param index="0">
              <value>
                <![CDATA[chrome]]>
              </value>
            </param>
          </params>
          <reporter-output>
          </reporter-output>
        </test-method> <!-- setup -->
        <test-method status="PASS" signature="addNewCustomer()[pri:0, instance:testCases.TC_AddCustomerTest_003@7d9d1a19]" name="addNewCustomer" duration-ms="21814" started-at="2019-04-22T01:33:08Z" finished-at="2019-04-22T01:33:30Z">
          <reporter-output>
          </reporter-output>
        </test-method> <!-- addNewCustomer -->
        <test-method status="PASS" signature="tearDown()[pri:0, instance:testCases.TC_AddCustomerTest_003@7d9d1a19]" name="tearDown" is-config="true" duration-ms="277" started-at="2019-04-22T01:33:30Z" finished-at="2019-04-22T01:33:30Z">
          <reporter-output>
          </reporter-output>
        </test-method> <!-- tearDown -->
      </class> <!-- testCases.TC_AddCustomerTest_003 -->
      <class name="testCases.TC_LoginTest_001">
        <test-method status="PASS" signature="setup(java.lang.String)[pri:0, instance:testCases.TC_LoginTest_001@4883b407]" name="setup" is-config="true" duration-ms="4674" started-at="2019-04-22T01:32:54Z" finished-at="2019-04-22T01:32:58Z">
          <params>
            <param index="0">
              <value>
                <![CDATA[chrome]]>
              </value>
            </param>
          </params>
          <reporter-output>
          </reporter-output>
        </test-method> <!-- setup -->
        <test-method status="PASS" signature="loginTest()[pri:0, instance:testCases.TC_LoginTest_001@4883b407]" name="loginTest" duration-ms="6920" started-at="2019-04-22T01:32:58Z" finished-at="2019-04-22T01:33:05Z">
          <reporter-output>
          </reporter-output>
        </test-method> <!-- loginTest -->
        <test-method status="PASS" signature="tearDown()[pri:0, instance:testCases.TC_LoginTest_001@4883b407]" name="tearDown" is-config="true" duration-ms="270" started-at="2019-04-22T01:33:05Z" finished-at="2019-04-22T01:33:05Z">
          <reporter-output>
          </reporter-output>
        </test-method> <!-- tearDown -->
      </class> <!-- testCases.TC_LoginTest_001 -->
    </test> <!-- chrometest -->
  </suite> <!-- nopcommerceSuite -->
</testng-results>
